<?xml version="1.0" encoding="UTF-8"?>
<!-- Generated by org.testng.reporters.JUnitReportReporter -->
<testsuite hostname="IT-CORES-045" failures="0" tests="2" name="com.freecrm.testcases.HomePageTest" time="18.788" errors="0" timestamp="2022-06-13T23:38:35 EET" skipped="0">
  <testcase classname="com.freecrm.testcases.HomePageTest" name="clickOnPricingTest" time="10.191"/>
  <system-out/>
  <testcase classname="com.freecrm.testcases.HomePageTest" name="clickOnFeaturesTest" time="8.597"/>
  <system-out/>
</testsuite> <!-- com.freecrm.testcases.HomePageTest -->
