<?xml version="1.0" encoding="UTF-8"?>
<!-- Generated by org.testng.reporters.JUnitReportReporter -->
<testsuite hostname="IT-CORES-045" failures="0" tests="1" name="com.nagwa.testcases.SearchPageTest" time="12.593" errors="0" timestamp="2022-09-21T10:05:10 EET" skipped="0">
  <testcase classname="com.nagwa.testcases.SearchPageTest" name="gettingNoOFQuestions" time="12.593"/>
  <system-out/>
</testsuite> <!-- com.nagwa.testcases.SearchPageTest -->
