<?xml version="1.0" encoding="UTF-8"?>
<!-- Generated by org.testng.reporters.JUnitReportReporter -->
<testsuite hostname="IT-CORES-045" failures="0" tests="1" name="com.arco.testcases.HomePageTest" time="265.942" errors="0" timestamp="2022-08-03T15:02:45 EET" skipped="0">
  <testcase classname="com.arco.testcases.HomePageTest" name="createCreditNoteTest" time="265.942"/>
  <system-out/>
</testsuite> <!-- com.arco.testcases.HomePageTest -->
