<?xml version="1.0" encoding="UTF-8"?>
<!-- Generated by org.testng.reporters.JUnitReportReporter -->
<testsuite hostname="IT-CORES-045" failures="0" tests="4" name="com.freecrm.testcases.LoginPageTestTest" time="36.536" errors="0" timestamp="2022-06-13T23:38:35 EET" skipped="0">
  <testcase classname="com.freecrm.testcases.LoginPageTestTest" name="titleTest" time="5.648"/>
  <system-out/>
  <testcase classname="com.freecrm.testcases.LoginPageTestTest" name="urlCheck" time="10.823"/>
  <system-out/>
  <testcase classname="com.freecrm.testcases.LoginPageTestTest" name="logoTest" time="7.503"/>
  <system-out/>
  <testcase classname="com.freecrm.testcases.LoginPageTestTest" name="loginTest" time="12.562"/>
  <system-out/>
</testsuite> <!-- com.freecrm.testcases.LoginPageTestTest -->
