<?xml version="1.0" encoding="UTF-8"?>
<!-- Generated by org.testng.reporters.JUnitReportReporter -->
<testsuite hostname="IT-CORES-045" failures="0" tests="1" name="com.arco.testcases.HomePageTest" time="47.205" errors="0" timestamp="24 Jun 2022 15:16:22 GMT">
  <testcase classname="com.arco.testcases.HomePageTest" name="clickOnFinanceTest" time="47.205"/>
</testsuite> <!-- com.arco.testcases.HomePageTest -->
